# JRE version: OpenJDK Runtime Environment (22.0.2+9) (build 22.0.2+9-70)
# Java VM: OpenJDK 64-Bit Server VM (22.0.2+9-70, mixed mode, sharing, tiered, compressed oops, compressed class ptrs, g1 gc, windows-amd64)
GC Precious Log:
 CardTable entry size: 512
 Card Set container configuration: InlinePtr #cards 5 size 8 Array Of Cards #cards 12 size 40 Howl #buckets 4 coarsen threshold 1843 Howl Bitmap #cards 512 size 80 coarsen threshold 460 Card regions per heap region 1 cards per card region 2048
 CPUs: 4 total, 4 available
 Memory: 8087M
 Large Page Support: Disabled
 NUMA Support: Disabled
 Compressed Oops: Enabled (32-bit)
 Heap Region Size: 1M
 Heap Min Capacity: 256M
 Heap Initial Capacity: 256M
 Heap Max Capacity: 512M
 Pre-touch: Disabled
 Parallel Workers: 4
 Concurrent Workers: 1
 Concurrent Refinement Workers: 4
 Periodic GC: Disabled
Heap:
 garbage-first heap   total reserved 524288K, committed 262144K, used 74918K [0x00000000e0000000, 0x0000000100000000)
  region size 1024K, 10 young (10240K), 8 survivors (8192K)
 Metaspace       used 77026K, committed 79104K, reserved 458752K
  class space    used 10551K, committed 11904K, reserved 327680K
GC Heap History (20 events):
Event: 1274.854 GC heap before
{Heap before GC invocations=19 (full 0):
 garbage-first heap   total reserved 524288K, committed 262144K, used 219449K [0x00000000e0000000, 0x0000000100000000)
  region size 1024K, 153 young (156672K), 13 survivors (13312K)
 Metaspace       used 76435K, committed 78656K, reserved 458752K
  class space    used 10755K, committed 11840K, reserved 327680K
}
Event: 1274.871 GC heap after
{Heap after GC invocations=20 (full 0):
 garbage-first heap   total reserved 524288K, committed 262144K, used 73496K [0x00000000e0000000, 0x0000000100000000)
  region size 1024K, 8 young (8192K), 8 survivors (8192K)
 Metaspace       used 76435K, committed 78656K, reserved 458752K
  class space    used 10755K, committed 11840K, reserved 327680K
}
Event: 1878.426 GC heap before
{Heap before GC invocations=21 (full 0):
 garbage-first heap   total reserved 524288K, committed 262144K, used 220952K [0x00000000e0000000, 0x0000000100000000)
  region size 1024K, 153 young (156672K), 8 survivors (8192K)
 Metaspace       used 75427K, committed 78848K, reserved 458752K
  class space    used 10419K, committed 11904K, reserved 327680K
}
Event: 1878.447 GC heap after
{Heap after GC invocations=22 (full 0):
 garbage-first heap   total reserved 524288K, committed 262144K, used 76568K [0x00000000e0000000, 0x0000000100000000)
  region size 1024K, 11 young (11264K), 11 survivors (11264K)
 Metaspace       used 75427K, committed 78848K, reserved 458752K
  class space    used 10419K, committed 11904K, reserved 327680K
}
Event: 2234.683 GC heap before
{Heap before GC invocations=22 (full 0):
 garbage-first heap   total reserved 524288K, committed 262144K, used 220952K [0x00000000e0000000, 0x0000000100000000)
  region size 1024K, 153 young (156672K), 11 survivors (11264K)
 Metaspace       used 76366K, committed 78848K, reserved 458752K
  class space    used 10575K, committed 11904K, reserved 327680K
}
Event: 2234.718 GC heap after
{Heap after GC invocations=23 (full 0):
 garbage-first heap   total reserved 524288K, committed 262144K, used 79325K [0x00000000e0000000, 0x0000000100000000)
  region size 1024K, 18 young (18432K), 18 survivors (18432K)
 Metaspace       used 76366K, committed 78848K, reserved 458752K
  class space    used 10575K, committed 11904K, reserved 327680K
}
Event: 2576.171 GC heap before
{Heap before GC invocations=23 (full 0):
 garbage-first heap   total reserved 524288K, committed 262144K, used 217565K [0x00000000e0000000, 0x0000000100000000)
  region size 1024K, 153 young (156672K), 18 survivors (18432K)
 Metaspace       used 76528K, committed 78912K, reserved 458752K
  class space    used 10582K, committed 11904K, reserved 327680K
}
Event: 2576.205 GC heap after
{Heap after GC invocations=24 (full 0):
 garbage-first heap   total reserved 524288K, committed 262144K, used 77382K [0x00000000e0000000, 0x0000000100000000)
  region size 1024K, 8 young (8192K), 8 survivors (8192K)
 Metaspace       used 76528K, committed 78912K, reserved 458752K
  class space    used 10582K, committed 11904K, reserved 327680K
}
Event: 2810.925 GC heap before
{Heap before GC invocations=25 (full 0):
 garbage-first heap   total reserved 524288K, committed 262144K, used 224838K [0x00000000e0000000, 0x0000000100000000)
  region size 1024K, 153 young (156672K), 8 survivors (8192K)
 Metaspace       used 76733K, committed 78912K, reserved 458752K
  class space    used 10584K, committed 11904K, reserved 327680K
}
Event: 2810.933 GC heap after
{Heap after GC invocations=26 (full 0):
 garbage-first heap   total reserved 524288K, committed 262144K, used 73152K [0x00000000e0000000, 0x0000000100000000)
  region size 1024K, 4 young (4096K), 4 survivors (4096K)
 Metaspace       used 76733K, committed 78912K, reserved 458752K
  class space    used 10584K, committed 11904K, reserved 327680K
}
Event: 2896.236 GC heap before
{Heap before GC invocations=26 (full 0):
 garbage-first heap   total reserved 524288K, committed 262144K, used 224704K [0x00000000e0000000, 0x0000000100000000)
  region size 1024K, 153 young (156672K), 4 survivors (4096K)
 Metaspace       used 76834K, committed 78912K, reserved 458752K
  class space    used 10588K, committed 11904K, reserved 327680K
}
Event: 2896.261 GC heap after
{Heap after GC invocations=27 (full 0):
 garbage-first heap   total reserved 524288K, committed 262144K, used 73622K [0x00000000e0000000, 0x0000000100000000)
  region size 1024K, 7 young (7168K), 7 survivors (7168K)
 Metaspace       used 76834K, committed 78912K, reserved 458752K
  class space    used 10588K, committed 11904K, reserved 327680K
}
Event: 2900.564 GC heap before
{Heap before GC invocations=27 (full 0):
 garbage-first heap   total reserved 524288K, committed 262144K, used 223126K [0x00000000e0000000, 0x0000000100000000)
  region size 1024K, 153 young (156672K), 7 survivors (7168K)
 Metaspace       used 77060K, committed 79040K, reserved 458752K
  class space    used 10621K, committed 11904K, reserved 327680K
}
Event: 2900.585 GC heap after
{Heap after GC invocations=28 (full 0):
 garbage-first heap   total reserved 524288K, committed 262144K, used 78786K [0x00000000e0000000, 0x0000000100000000)
  region size 1024K, 12 young (12288K), 12 survivors (12288K)
 Metaspace       used 77060K, committed 79040K, reserved 458752K
  class space    used 10621K, committed 11904K, reserved 327680K
}
Event: 3029.376 GC heap before
{Heap before GC invocations=29 (full 0):
 garbage-first heap   total reserved 524288K, committed 262144K, used 222146K [0x00000000e0000000, 0x0000000100000000)
  region size 1024K, 153 young (156672K), 12 survivors (12288K)
 Metaspace       used 76856K, committed 79104K, reserved 458752K
  class space    used 10539K, committed 11904K, reserved 327680K
}
Event: 3029.396 GC heap after
{Heap after GC invocations=30 (full 0):
 garbage-first heap   total reserved 524288K, committed 262144K, used 75711K [0x00000000e0000000, 0x0000000100000000)
  region size 1024K, 8 young (8192K), 8 survivors (8192K)
 Metaspace       used 76856K, committed 79104K, reserved 458752K
  class space    used 10539K, committed 11904K, reserved 327680K
}
Event: 10198.217 GC heap before
{Heap before GC invocations=30 (full 0):
 garbage-first heap   total reserved 524288K, committed 262144K, used 224191K [0x00000000e0000000, 0x0000000100000000)
  region size 1024K, 153 young (156672K), 8 survivors (8192K)
 Metaspace       used 76985K, committed 79104K, reserved 458752K
  class space    used 10551K, committed 11904K, reserved 327680K
}
Event: 10199.248 GC heap after
{Heap after GC invocations=31 (full 0):
 garbage-first heap   total reserved 524288K, committed 262144K, used 74528K [0x00000000e0000000, 0x0000000100000000)
  region size 1024K, 9 young (9216K), 9 survivors (9216K)
 Metaspace       used 76985K, committed 79104K, reserved 458752K
  class space    used 10551K, committed 11904K, reserved 327680K
}
Event: 15690.464 GC heap before
{Heap before GC invocations=31 (full 0):
 garbage-first heap   total reserved 524288K, committed 262144K, used 220960K [0x00000000e0000000, 0x0000000100000000)
  region size 1024K, 153 young (156672K), 9 survivors (9216K)
 Metaspace       used 77026K, committed 79104K, reserved 458752K
  class space    used 10551K, committed 11904K, reserved 327680K
}
Event: 15690.479 GC heap after
{Heap after GC invocations=32 (full 0):
 garbage-first heap   total reserved 524288K, committed 262144K, used 73894K [0x00000000e0000000, 0x0000000100000000)
  region size 1024K, 8 young (8192K), 8 survivors (8192K)
 Metaspace       used 77026K, committed 79104K, reserved 458752K
  class space    used 10551K, committed 11904K, reserved 327680K
}

